\BOOKMARK [0][-]{section*.1}{\376\377\000D\000i\000s\000s\000e\000r\000t\000a\000t\000i\000o\000n\000\040\000A\000p\000p\000r\000o\000v\000a\000l\000\040\000P\000a\000g\000e}{}% 1
\BOOKMARK [0][-]{section*.2}{\376\377\000D\000e\000d\000i\000c\000a\000t\000i\000o\000n}{}% 2
\BOOKMARK [0][-]{section*.3}{\376\377\000E\000p\000i\000g\000r\000a\000p\000h}{}% 3
\BOOKMARK [0][-]{section*.4}{\376\377\000T\000a\000b\000l\000e\000\040\000o\000f\000\040\000C\000o\000n\000t\000e\000n\000t\000s}{}% 4
\BOOKMARK [0][-]{section*.5}{\376\377\000L\000i\000s\000t\000\040\000o\000f\000\040\000F\000i\000g\000u\000r\000e\000s}{}% 5
\BOOKMARK [0][-]{section*.6}{\376\377\000L\000i\000s\000t\000\040\000o\000f\000\040\000T\000a\000b\000l\000e\000s}{}% 6
\BOOKMARK [0][-]{section*.7}{\376\377\000A\000c\000k\000n\000o\000w\000l\000e\000d\000g\000e\000m\000e\000n\000t\000s}{}% 7
\BOOKMARK [0][-]{section*.8}{\376\377\000V\000i\000t\000a}{}% 8
\BOOKMARK [0][-]{section*.9}{\376\377\000A\000b\000s\000t\000r\000a\000c\000t\000\040\000o\000f\000\040\000t\000h\000e\000\040\000D\000i\000s\000s\000e\000r\000t\000a\000t\000i\000o\000n}{}% 9
\BOOKMARK [0][-]{chapter.1}{\376\377\000I\000n\000t\000r\000o\000d\000u\000c\000t\000i\000o\000n}{}% 10
\BOOKMARK [1][-]{section.1.1}{\376\377\000M\000o\000t\000i\000v\000a\000t\000i\000o\000n}{chapter.1}% 11
\BOOKMARK [1][-]{section.1.2}{\376\377\000N\000e\000a\000r\000-\000s\000o\000u\000r\000c\000e\000\040\000P\000l\000a\000s\000t\000i\000c\000i\000t\000y}{chapter.1}% 12
\BOOKMARK [1][-]{section.1.3}{\376\377\000M\000o\000d\000e\000l\000\040\000C\000h\000a\000r\000a\000c\000t\000e\000r\000i\000s\000t\000i\000c\000s\000\040\000i\000n\000\040\000H\000i\000g\000h\000-\000F\000r\000e\000q\000u\000e\000n\000c\000y\000\040\000S\000i\000m\000u\000l\000a\000t\000i\000o\000n\000s}{chapter.1}% 13
\BOOKMARK [2][-]{subsection.1.3.1}{\376\377\000N\000e\000a\000r\000\040\000S\000u\000r\000f\000a\000c\000e\000\040\000L\000o\000w\000\040\000V\000e\000l\000o\000c\000i\000t\000y}{section.1.3}% 14
\BOOKMARK [2][-]{subsection.1.3.2}{\376\377\000T\000o\000p\000o\000g\000r\000a\000p\000h\000y}{section.1.3}% 15
\BOOKMARK [2][-]{subsection.1.3.3}{\376\377\000A\000n\000e\000l\000a\000s\000t\000i\000c\000\040\000a\000t\000t\000e\000n\000u\000a\000t\000i\000o\000n}{section.1.3}% 16
\BOOKMARK [2][-]{subsection.1.3.4}{\376\377\000S\000m\000a\000l\000l\000-\000s\000c\000a\000l\000e\000\040\000H\000e\000t\000e\000r\000o\000g\000e\000n\000e\000i\000t\000i\000e\000s}{section.1.3}% 17
\BOOKMARK [1][-]{section.1.4}{\376\377\000S\000i\000t\000e\000\040\000A\000m\000p\000l\000i\000f\000i\000c\000a\000t\000i\000o\000n}{chapter.1}% 18
\BOOKMARK [0][-]{chapter.2}{\376\377\000K\000i\000n\000e\000m\000a\000t\000i\000c\000\040\000S\000o\000u\000r\000c\000e\000\040\000M\000o\000d\000e\000l\000s\000\040\000f\000o\000r\000\040\000E\000a\000r\000t\000h\000q\000u\000a\000k\000e\000\040\000S\000i\000m\000u\000l\000a\000t\000i\000o\000n\000s\000\040\000w\000i\000t\000h\000\040\000F\000a\000u\000l\000t\000-\000z\000o\000n\000e\000\040\000P\000l\000a\000s\000t\000i\000c\000i\000t\000y}{}% 19
\BOOKMARK [1][-]{section.2.1}{\376\377\000I\000n\000t\000r\000o\000d\000u\000c\000t\000i\000o\000n}{chapter.2}% 20
\BOOKMARK [1][-]{section.2.2}{\376\377\000M\000e\000t\000h\000o\000d}{chapter.2}% 21
\BOOKMARK [2][-]{subsection.2.2.1}{\376\377\000S\000i\000m\000u\000l\000a\000t\000i\000o\000n\000s\000\040\000o\000f\000\040\000D\000y\000n\000a\000m\000i\000c\000\040\000R\000u\000p\000t\000u\000r\000e}{section.2.2}% 22
\BOOKMARK [2][-]{subsection.2.2.2}{\376\377\000P\000e\000a\000k\000\040\000S\000l\000i\000p\000\040\000R\000a\000t\000e\040\023\000D\000e\000p\000t\000h\000\040\000P\000r\000o\000f\000i\000l\000e}{section.2.2}% 23
\BOOKMARK [2][-]{subsection.2.2.3}{\376\377\000K\000i\000n\000e\000m\000a\000t\000i\000c\000\040\000S\000o\000u\000r\000c\000e\000\040\000M\000o\000d\000e\000l}{section.2.2}% 24
\BOOKMARK [1][-]{section.2.3}{\376\377\000G\000r\000o\000u\000n\000d\000\040\000M\000o\000t\000i\000o\000n\000\040\000S\000i\000m\000u\000l\000a\000t\000i\000o\000n\000s\000\040\000u\000s\000i\000n\000g\000\040\000L\000i\000n\000e\000a\000r\000,\000\040\000N\000o\000n\000-\000l\000i\000n\000e\000a\000r\000\040\000a\000n\000d\000\040\000E\000K\000S\000\040\000m\000o\000d\000e\000l\000s}{chapter.2}% 25
\BOOKMARK [2][-]{subsection.2.3.1}{\376\377\000C\000o\000m\000p\000a\000r\000i\000s\000o\000n\000\040\000o\000f\000\040\000G\000r\000o\000u\000n\000d\000\040\000M\000o\000t\000i\000o\000n\000s}{section.2.3}% 26
\BOOKMARK [2][-]{subsection.2.3.2}{\376\377\000R\000e\000d\000u\000c\000t\000i\000o\000n\000\040\000o\000f\000\040\000G\000r\000o\000u\000n\000d\000\040\000M\000o\000t\000i\000o\000n\000\040\000E\000x\000t\000r\000e\000m\000e\000s}{section.2.3}% 27
\BOOKMARK [2][-]{subsection.2.3.3}{\376\377\000R\000u\000p\000t\000u\000r\000e\000\040\000D\000i\000r\000e\000c\000t\000i\000o\000n}{section.2.3}% 28
\BOOKMARK [2][-]{subsection.2.3.4}{\376\377\000O\000f\000f\000-\000F\000a\000u\000l\000t\000\040\000R\000e\000g\000i\000o\000n\000s}{section.2.3}% 29
\BOOKMARK [1][-]{section.2.4}{\376\377\000D\000i\000s\000c\000u\000s\000s\000i\000o\000n\000\040\000a\000n\000d\000\040\000C\000o\000n\000c\000l\000u\000s\000i\000o\000n\000s}{chapter.2}% 30
\BOOKMARK [1][-]{section*.11}{\376\377\000A\000c\000k\000n\000o\000w\000l\000e\000d\000g\000e\000m\000e\000n\000t\000s}{chapter.2}% 31
\BOOKMARK [1][-]{section*.12}{\376\377\000T\000a\000b\000l\000e\000s\000\040\000a\000n\000d\000\040\000F\000i\000g\000u\000r\000e\000s}{chapter.2}% 32
\BOOKMARK [0][-]{chapter.3}{\376\377\000C\000a\000l\000i\000b\000r\000a\000t\000i\000o\000n\000\040\000o\000f\000\040\000t\000h\000e\000\040\000N\000e\000a\000r\000-\000s\000u\000r\000f\000a\000c\000e\000\040\000S\000e\000i\000s\000m\000i\000c\000\040\000S\000t\000r\000u\000c\000t\000u\000r\000e\000\040\000i\000n\000\040\000t\000h\000e\000\040\000S\000C\000E\000C\000\040\000C\000o\000m\000m\000u\000n\000i\000t\000y\000\040\000V\000e\000l\000o\000c\000i\000t\000y\000\040\000M\000o\000d\000e\000l\000\040\000V\000e\000r\000s\000i\000o\000n\000\040\0004}{}% 33
\BOOKMARK [1][-]{section.3.1}{\376\377\000I\000n\000t\000r\000o\000d\000u\000c\000t\000i\000o\000n}{chapter.3}% 34
\BOOKMARK [1][-]{section.3.2}{\376\377\000N\000u\000m\000e\000r\000i\000c\000a\000l\000\040\000A\000p\000p\000r\000o\000a\000c\000h}{chapter.3}% 35
\BOOKMARK [1][-]{section.3.3}{\376\377\000S\000i\000m\000u\000l\000a\000t\000i\000o\000n\000\040\000R\000e\000s\000u\000l\000t\000s}{chapter.3}% 36
\BOOKMARK [1][-]{section.3.4}{\376\377\000V\000e\000l\000o\000c\000i\000t\000y\000\040\000T\000a\000p\000e\000r\000\040\000M\000e\000t\000h\000o\000d}{chapter.3}% 37
\BOOKMARK [1][-]{section.3.5}{\376\377\000S\000H\0001\000D\000\040\000T\000h\000e\000o\000r\000e\000t\000i\000c\000a\000l\000\040\000A\000n\000a\000l\000y\000s\000i\000s}{chapter.3}% 38
\BOOKMARK [1][-]{section.3.6}{\376\377\0003\000D\000\040\000N\000u\000m\000e\000r\000i\000c\000a\000l\000\040\000S\000i\000m\000u\000l\000a\000t\000i\000o\000n\000s}{chapter.3}% 39
\BOOKMARK [1][-]{section.3.7}{\376\377\000D\000i\000s\000c\000u\000s\000s\000i\000o\000n\000\040\000a\000n\000d\000\040\000C\000o\000n\000c\000l\000u\000s\000i\000o\000n\000s}{chapter.3}% 40
\BOOKMARK [1][-]{section*.24}{\376\377\000A\000c\000k\000n\000o\000w\000l\000e\000d\000g\000e\000m\000e\000n\000t\000s}{chapter.3}% 41
\BOOKMARK [1][-]{section*.25}{\376\377\000T\000a\000b\000l\000e\000s\000\040\000a\000n\000d\000\040\000F\000i\000g\000u\000r\000e\000s}{chapter.3}% 42
\BOOKMARK [1][-]{section*.44}{\376\377\000S\000u\000p\000p\000l\000e\000m\000e\000n\000t\000a\000r\000y\000\040\000M\000a\000t\000e\000r\000i\000a\000l\000s}{chapter.3}% 43
\BOOKMARK [0][-]{chapter.4}{\376\377\0000\000-\0005\000\040\000H\000z\000\040\000D\000e\000t\000e\000r\000m\000i\000n\000i\000s\000t\000i\000c\000\040\0003\000D\000\040\000G\000r\000o\000u\000n\000d\000\040\000M\000o\000t\000i\000o\000n\000\040\000S\000i\000m\000u\000l\000a\000t\000i\000o\000n\000s\000\040\000f\000o\000r\000\040\000t\000h\000e\000\040\0002\0000\0001\0004\000\040\000L\000a\000\040\000H\000a\000b\000r\000a\000,\000\040\000C\000a\000l\000i\000f\000o\000r\000n\000i\000a\000,\000\040\000E\000a\000r\000t\000h\000q\000u\000a\000k\000e}{}% 44
\BOOKMARK [1][-]{section.4.1}{\376\377\000I\000n\000t\000r\000o\000d\000u\000c\000t\000i\000o\000n}{chapter.4}% 45
\BOOKMARK [1][-]{section.4.2}{\376\377\000C\000o\000m\000p\000u\000t\000a\000t\000i\000o\000n\000a\000l\000\040\000A\000s\000p\000e\000c\000t\000s}{chapter.4}% 46
\BOOKMARK [2][-]{subsection.4.2.1}{\376\377\000N\000u\000m\000e\000r\000i\000c\000a\000l\000\040\000m\000e\000t\000h\000o\000d\000\040\000f\000o\000r\000\040\000s\000i\000m\000u\000l\000a\000t\000i\000n\000g\000\040\000g\000r\000o\000u\000n\000d\000\040\000m\000o\000t\000i\000o\000n\000s}{section.4.2}% 47
\BOOKMARK [2][-]{subsection.4.2.2}{\376\377\000C\000o\000m\000p\000u\000t\000a\000t\000i\000o\000n\000a\000l\000\040\000D\000o\000m\000a\000i\000n}{section.4.2}% 48
\BOOKMARK [2][-]{subsection.4.2.3}{\376\377\000S\000m\000a\000l\000l\000-\000s\000c\000a\000l\000e\000\040\000H\000e\000t\000e\000r\000o\000g\000e\000n\000e\000i\000t\000i\000e\000s}{section.4.2}% 49
\BOOKMARK [2][-]{subsection.4.2.4}{\376\377\000T\000o\000p\000o\000g\000r\000a\000p\000h\000y}{section.4.2}% 50
\BOOKMARK [2][-]{subsection.4.2.5}{\376\377\000F\000r\000e\000q\000u\000e\000n\000c\000y\000-\000D\000e\000p\000e\000n\000d\000e\000n\000t\000\040\000A\000t\000t\000e\000n\000u\000a\000t\000i\000o\000n}{section.4.2}% 51
\BOOKMARK [2][-]{subsection.4.2.6}{\376\377\000N\000e\000a\000r\000-\000s\000u\000r\000f\000a\000c\000e\000\040\000G\000e\000o\000t\000e\000c\000h\000n\000i\000c\000a\000l\000\040\000L\000a\000y\000e\000r}{section.4.2}% 52
\BOOKMARK [2][-]{subsection.4.2.7}{\376\377\000G\000r\000o\000u\000n\000d\000\040\000M\000o\000t\000i\000o\000n\000\040\000S\000i\000m\000u\000l\000a\000t\000i\000o\000n\000s}{section.4.2}% 53
\BOOKMARK [2][-]{subsection.4.2.8}{\376\377\000D\000a\000t\000a\000\040\000P\000r\000o\000c\000e\000s\000s\000i\000n\000g}{section.4.2}% 54
\BOOKMARK [2][-]{subsection.4.2.9}{\376\377\000G\000o\000o\000d\000n\000e\000s\000s\000\040\000o\000f\000\040\000f\000i\000t\000\040\000c\000r\000i\000t\000e\000r\000i\000a}{section.4.2}% 55
\BOOKMARK [1][-]{section.4.3}{\376\377\000R\000e\000s\000u\000l\000t\000s}{chapter.4}% 56
\BOOKMARK [2][-]{subsection.4.3.1}{\376\377\000S\000o\000u\000r\000c\000e\000\040\000M\000o\000d\000e\000l\000s}{section.4.3}% 57
\BOOKMARK [2][-]{subsection.4.3.2}{\376\377\000M\000i\000n\000i\000m\000u\000m\000\040\000V\000S}{section.4.3}% 58
\BOOKMARK [2][-]{subsection.4.3.3}{\376\377\000R\000e\000f\000e\000r\000e\000n\000c\000e\000\040\000M\000o\000d\000e\000l\000\040\000R\000e\000s\000p\000o\000n\000s\000e}{section.4.3}% 59
\BOOKMARK [2][-]{subsection.4.3.4}{\376\377\000T\000o\000p\000o\000g\000r\000a\000p\000h\000y}{section.4.3}% 60
\BOOKMARK [2][-]{subsection.4.3.5}{\376\377\000F\000r\000e\000q\000u\000e\000n\000c\000y\000-\000D\000e\000p\000e\000n\000d\000e\000n\000t\000\040\000A\000t\000t\000e\000n\000u\000a\000t\000i\000o\000n}{section.4.3}% 61
\BOOKMARK [2][-]{subsection.4.3.6}{\376\377\000S\000m\000a\000l\000l\000-\000s\000c\000a\000l\000e\000\040\000h\000e\000t\000e\000r\000o\000g\000e\000n\000e\000i\000t\000i\000e\000s}{section.4.3}% 62
\BOOKMARK [1][-]{section.4.4}{\376\377\000D\000i\000s\000c\000u\000s\000s\000i\000o\000n\000s}{chapter.4}% 63
\BOOKMARK [2][-]{subsection.4.4.1}{\376\377\000T\000o\000p\000o\000g\000r\000a\000p\000h\000y\000\040\000a\000n\000d\000\040\000S\000h\000a\000l\000l\000o\000w\000\040\000V\000e\000l\000o\000c\000i\000t\000y\000\040\000T\000a\000p\000e\000r}{section.4.4}% 64
\BOOKMARK [2][-]{subsection.4.4.2}{\376\377\000A\000n\000e\000l\000a\000s\000t\000i\000c\000\040\000A\000t\000t\000e\000n\000u\000a\000t\000i\000o\000n\000\040\000a\000n\000d\000\040}{section.4.4}% 65
\BOOKMARK [2][-]{subsection.4.4.3}{\376\377\000G\000o\000o\000d\000n\000e\000s\000s\000\040\000o\000f\000\040\000F\000i\000t}{section.4.4}% 66
\BOOKMARK [1][-]{section.4.5}{\376\377\000C\000o\000n\000c\000l\000u\000s\000i\000o\000n\000s}{chapter.4}% 67
\BOOKMARK [1][-]{section*.49}{\376\377\000A\000c\000k\000n\000o\000w\000l\000e\000d\000g\000e\000m\000e\000n\000t\000s}{chapter.4}% 68
\BOOKMARK [1][-]{section*.50}{\376\377\000T\000a\000b\000l\000e\000s\000\040\000a\000n\000d\000\040\000F\000i\000g\000u\000r\000e\000s}{chapter.4}% 69
\BOOKMARK [1][-]{section*.69}{\376\377\000S\000u\000p\000p\000l\000e\000m\000e\000n\000t\000a\000r\000y\000\040\000M\000a\000t\000e\000r\000i\000a\000l\000s}{chapter.4}% 70
\BOOKMARK [0][-]{chapter.5}{\376\377\000M\000o\000d\000e\000l\000i\000n\000g\000\040\000o\000f\000\040\000E\000m\000p\000i\000r\000i\000c\000a\000l\000\040\000T\000r\000a\000n\000s\000f\000e\000r\000\040\000F\000u\000n\000c\000t\000i\000o\000n\000s\000\040\000w\000i\000t\000h\000\040\0003\000D\000\040\000V\000e\000l\000o\000c\000i\000t\000y\000\040\000S\000t\000r\000u\000c\000t\000u\000r\000e}{}% 71
\BOOKMARK [1][-]{section.5.1}{\376\377\000I\000n\000t\000r\000o\000d\000u\000c\000t\000i\000o\000n}{chapter.5}% 72
\BOOKMARK [1][-]{section.5.2}{\376\377\000D\000a\000t\000a}{chapter.5}% 73
\BOOKMARK [1][-]{section.5.3}{\376\377\000T\000F\000s}{chapter.5}% 74
\BOOKMARK [1][-]{section.5.4}{\376\377\000M\000o\000d\000e\000l\000\040\000C\000o\000n\000s\000t\000r\000u\000c\000t\000i\000o\000n}{chapter.5}% 75
\BOOKMARK [2][-]{subsection.5.4.1}{\376\377\000N\000u\000m\000e\000r\000i\000c\000a\000l\000\040\000s\000i\000m\000u\000l\000a\000t\000i\000o\000n\000s}{section.5.4}% 76
\BOOKMARK [1][-]{section.5.5}{\376\377\000G\000V\000D\000A}{chapter.5}% 77
\BOOKMARK [1][-]{section.5.6}{\376\377\000T\000K\000C\000H\0000\0005}{chapter.5}% 78
\BOOKMARK [1][-]{section.5.7}{\376\377\000D\000i\000s\000c\000u\000s\000s\000i\000o\000n}{chapter.5}% 79
\BOOKMARK [1][-]{section.5.8}{\376\377\000S\000u\000m\000m\000a\000r\000y\000\040\000a\000n\000d\000\040\000C\000o\000n\000c\000l\000u\000s\000i\000o\000n\000s}{chapter.5}% 80
\BOOKMARK [1][-]{section*.73}{\376\377\000A\000c\000k\000n\000o\000w\000l\000e\000d\000g\000e\000m\000e\000n\000t\000s}{chapter.5}% 81
\BOOKMARK [1][-]{section*.74}{\376\377\000T\000a\000b\000l\000e\000s\000\040\000a\000n\000d\000\040\000F\000i\000g\000u\000r\000e\000s}{chapter.5}% 82
\BOOKMARK [1][-]{section*.88}{\376\377\000S\000u\000p\000p\000l\000e\000m\000e\000n\000t\000a\000r\000y\000\040\000M\000a\000t\000e\000r\000i\000a\000l\000s}{chapter.5}% 83
\BOOKMARK [0][-]{appendix*.93}{\376\377\000A\000p\000p\000e\000n\000d\000i\000x}{}% 84
\BOOKMARK [1][-]{section.Alph0.1}{\376\377\000V\000o\000n\000\040\000K\000a\000r\000m\000e\000n\000\040\000A\000u\000t\000o\000c\000o\000r\000r\000e\000l\000a\000t\000i\000o\000n\000\040\000F\000u\000n\000c\000t\000i\000o\000n}{appendix*.93}% 85
\BOOKMARK [0][-]{appendix*.94}{\376\377\000B\000i\000b\000l\000i\000o\000g\000r\000a\000p\000h\000y}{}% 86
